TN:
SF:index.js
FN:6,getDifference
FN:26,func
FNF:2
FNH:2
FNDA:1,getDifference
FNDA:1,func
DA:1,1
DA:2,1
DA:3,1
DA:4,1
DA:5,1
DA:6,1
DA:7,1
DA:8,1
DA:9,5
DA:10,5
DA:11,5
DA:12,5
DA:13,2
DA:14,5
DA:15,1
DA:16,3
DA:17,1
DA:18,1
DA:19,1
DA:20,1
DA:21,5
DA:22,1
DA:23,1
DA:24,1
DA:25,1
DA:26,1
DA:27,1
DA:28,1
DA:29,1
DA:30,1
DA:31,1
DA:32,1
DA:33,1
LF:33
LH:33
BRDA:6,0,0,1
BRDA:8,1,0,5
BRDA:12,2,0,2
BRDA:14,3,0,3
BRDA:14,4,0,1
BRDA:16,5,0,2
BRDA:16,6,0,1
BRDA:26,7,0,1
BRDA:28,8,0,2
BRDA:29,9,0,2
BRF:10
BRH:10
end_of_record
